Arguments: 
  /usr/local/bin/node /Users/rahman/.yarn/bin/yarn.js add @types/in-view

PATH: 
  /Users/rahman/.cargo/bin:/usr/local/php5/bin:/Users/rahman/.yarn/bin:/Users/rahman/.config/yarn/global/node_modules/.bin:/Users/rahman/.cargo/bin:/usr/local/bin:/usr/bin:/bin:/usr/sbin:/sbin:/usr/local/go/bin:/Library/Apple/usr/bin:/Users/rahman/.cargo/bin:/usr/local/php5/bin:/Users/rahman/.yarn/bin:/Users/rahman/.config/yarn/global/node_modules/.bin:/Users/rahman/Library/Android/sdk/emulator:/Users/rahman/Library/Android/sdk/tools:/Users/rahman/Library/Android/sdk/tools/bin:/Users/rahman/Library/Android/sdk/platform-tools:/Users/rahman/google-cloud-sdk/bin:/Users/rahman/Project/Go/bin:/usr/local/opt/go/libexec/bin:/Users/rahman/development/flutter/bin:/Users/rahman/Library/Android/sdk/emulator:/Users/rahman/Library/Android/sdk/tools:/Users/rahman/Library/Android/sdk/tools/bin:/Users/rahman/Library/Android/sdk/platform-tools:/Users/rahman/google-cloud-sdk/bin:/Users/rahman/Project/Go/bin:/usr/local/opt/go/libexec/bin:/Users/rahman/development/flutter/bin

Yarn version: 
  1.22.5

Node version: 
  14.15.0

Platform: 
  darwin x64

Trace: 
  Error: https://registry.yarnpkg.com/@types%2fin-view: Not found
      at Request.params.callback [as _callback] (/Users/rahman/.yarn/lib/cli.js:66988:18)
      at Request.self.callback (/Users/rahman/.yarn/lib/cli.js:140749:22)
      at Request.emit (events.js:315:20)
      at Request.<anonymous> (/Users/rahman/.yarn/lib/cli.js:141721:10)
      at Request.emit (events.js:315:20)
      at IncomingMessage.<anonymous> (/Users/rahman/.yarn/lib/cli.js:141643:12)
      at Object.onceWrapper (events.js:421:28)
      at IncomingMessage.emit (events.js:327:22)
      at endReadableNT (_stream_readable.js:1327:12)
      at processTicksAndRejections (internal/process/task_queues.js:80:21)

npm manifest: 
  {
    "name": "vueinview",
    "version": "2.0.0-next",
    "description": "vue in-view",
    "main": "./dist/vueinview-next.min.js",
    "scripts": {
      "build": "gulp"
    },
    "dependencies": {
      "in-view": "^0.6.1",
      "nanoid": "^3.1.20"
    },
    "devDependencies": {
      "rollup": "^2.38.4",
      "rollup-plugin-babel": "^4.4.0",
      "uglify-js": "^3.12.6"
    },
    "repository": {
      "type": "git",
      "url": "git+https://github.com/rachmanzz/vue-inview.git"
    },
    "keywords": [
      "javascript",
      "inview",
      "plugin",
      "vue"
    ],
    "author": "Muhammad Abdurrahman",
    "license": "MIT",
    "bugs": {
      "url": "https://github.com/rachmanzz/vue-inview/issues"
    },
    "homepage": "https://github.com/rachmanzz/vue-inview#readme"
  }

yarn manifest: 
  No manifest

Lockfile: 
  # THIS IS AN AUTOGENERATED FILE. DO NOT EDIT THIS FILE DIRECTLY.
  # yarn lockfile v1
  
  
  "@babel/helper-module-imports@^7.0.0":
    version "7.12.5"
    resolved "https://registry.yarnpkg.com/@babel/helper-module-imports/-/helper-module-imports-7.12.5.tgz#1bfc0229f794988f76ed0a4d4e90860850b54dfb"
    integrity sha512-SR713Ogqg6++uexFRORf/+nPXMmWIn80TALu0uaFb+iQIUoR7bOC7zBWyzBs5b3tBBJXuyD0cRu1F15GyzjOWA==
    dependencies:
      "@babel/types" "^7.12.5"
  
  "@babel/helper-validator-identifier@^7.12.11":
    version "7.12.11"
    resolved "https://registry.yarnpkg.com/@babel/helper-validator-identifier/-/helper-validator-identifier-7.12.11.tgz#c9a1f021917dcb5ccf0d4e453e399022981fc9ed"
    integrity sha512-np/lG3uARFybkoHokJUmf1QfEvRVCPbmQeUQpKow5cQ3xWrV9i3rUHodKDJPQfTVX61qKi+UdYk8kik84n7XOw==
  
  "@babel/types@^7.12.5":
    version "7.12.12"
    resolved "https://registry.yarnpkg.com/@babel/types/-/types-7.12.12.tgz#4608a6ec313abbd87afa55004d373ad04a96c299"
    integrity sha512-lnIX7piTxOH22xE7fDXDbSHg9MM1/6ORnafpJmov5rs0kX5g4BZxeXNJLXsMRiO0U5Rb8/FvMS6xlTnTHvxonQ==
    dependencies:
      "@babel/helper-validator-identifier" "^7.12.11"
      lodash "^4.17.19"
      to-fast-properties "^2.0.0"
  
  estree-walker@^0.6.1:
    version "0.6.1"
    resolved "https://registry.yarnpkg.com/estree-walker/-/estree-walker-0.6.1.tgz#53049143f40c6eb918b23671d1fe3219f3a1b362"
    integrity sha512-SqmZANLWS0mnatqbSfRP5g8OXZC12Fgg1IwNtLsyHDzJizORW4khDfjPqJZsemPWBB2uqykUah5YpQ6epsqC/w==
  
  fsevents@~2.3.1:
    version "2.3.1"
    resolved "https://registry.yarnpkg.com/fsevents/-/fsevents-2.3.1.tgz#b209ab14c61012636c8863507edf7fb68cc54e9f"
    integrity sha512-YR47Eg4hChJGAB1O3yEAOkGO+rlzutoICGqGo9EZ4lKWokzZRSyIW1QmTzqjtw8MJdj9srP869CuWw/hyzSiBw==
  
  in-view@^0.6.1:
    version "0.6.1"
    resolved "https://registry.yarnpkg.com/in-view/-/in-view-0.6.1.tgz#f9f99b5d5a6fe01359d9e19c570302a3121baf42"
    integrity sha1-+fmbXVpv4BNZ2eGcVwMCoxIbr0I=
    dependencies:
      lodash "^4.15.0"
  
  lodash@^4.15.0, lodash@^4.17.19:
    version "4.17.20"
    resolved "https://registry.yarnpkg.com/lodash/-/lodash-4.17.20.tgz#b44a9b6297bcb698f1c51a3545a2b3b368d59c52"
    integrity sha512-PlhdFcillOINfeV7Ni6oF1TAEayyZBoZ8bcshTHqOYJYlrqzRK5hagpagky5o4HfCzzd1TRkXPMFq6cKk9rGmA==
  
  nanoid@^3.1.20:
    version "3.1.20"
    resolved "https://registry.yarnpkg.com/nanoid/-/nanoid-3.1.20.tgz#badc263c6b1dcf14b71efaa85f6ab4c1d6cfc788"
    integrity sha512-a1cQNyczgKbLX9jwbS/+d7W8fX/RfgYR7lVWwWOGIPNgK2m0MWvrGF6/m4kk6U3QcFMnZf3RIhL0v2Jgh/0Uxw==
  
  rollup-plugin-babel@^4.4.0:
    version "4.4.0"
    resolved "https://registry.yarnpkg.com/rollup-plugin-babel/-/rollup-plugin-babel-4.4.0.tgz#d15bd259466a9d1accbdb2fe2fff17c52d030acb"
    integrity sha512-Lek/TYp1+7g7I+uMfJnnSJ7YWoD58ajo6Oarhlex7lvUce+RCKRuGRSgztDO3/MF/PuGKmUL5iTHKf208UNszw==
    dependencies:
      "@babel/helper-module-imports" "^7.0.0"
      rollup-pluginutils "^2.8.1"
  
  rollup-pluginutils@^2.8.1:
    version "2.8.2"
    resolved "https://registry.yarnpkg.com/rollup-pluginutils/-/rollup-pluginutils-2.8.2.tgz#72f2af0748b592364dbd3389e600e5a9444a351e"
    integrity sha512-EEp9NhnUkwY8aif6bxgovPHMoMoNr2FulJziTndpt5H9RdwC47GSGuII9XxpSdzVGM0GWrNPHV6ie1LTNJPaLQ==
    dependencies:
      estree-walker "^0.6.1"
  
  rollup@^2.38.4:
    version "2.38.4"
    resolved "https://registry.yarnpkg.com/rollup/-/rollup-2.38.4.tgz#1b84ea8728c73b1a00a6a6e9c630ec8c3fe48cea"
    integrity sha512-B0LcJhjiwKkTl79aGVF/u5KdzsH8IylVfV56Ut6c9ouWLJcUK17T83aZBetNYSnZtXf2OHD4+2PbmRW+Fp5ulg==
    optionalDependencies:
      fsevents "~2.3.1"
  
  to-fast-properties@^2.0.0:
    version "2.0.0"
    resolved "https://registry.yarnpkg.com/to-fast-properties/-/to-fast-properties-2.0.0.tgz#dc5e698cbd079265bc73e0377681a4e4e83f616e"
    integrity sha1-3F5pjL0HkmW8c+A3doGk5Og/YW4=
  
  uglify-js@^3.12.6:
    version "3.12.6"
    resolved "https://registry.yarnpkg.com/uglify-js/-/uglify-js-3.12.6.tgz#f884584fcc42e10bca70db5cb32e8625c2c42535"
    integrity sha512-aqWHe3DfQmZUDGWBbabZ2eQnJlQd1fKlMUu7gV+MiTuDzdgDw31bI3wA2jLLsV/hNcDP26IfyEgSVoft5+0SVw==
